Range of X: 474 523
Range of Y: 0 11

=== GRID ===
..........................+.......................
..................................................
..................................................
..................................................
........................#...##....................
........................#...#.....................
......................###...#.....................
............................#.....................
............................#.....................
....................#########.....................
..................................................
##################################################

----- DROPPING SAND 1 -----

=== GRID ===
..........................+.......................
..................................................
..................................................
..................................................
........................#...##....................
........................#...#.....................
......................###...#.....................
............................#.....................
..........................o.#.....................
....................#########.....................
..................................................
##################################################


----- DROPPING SAND 2 -----

=== GRID ===
..........................+.......................
..................................................
..................................................
..................................................
........................#...##....................
........................#...#.....................
......................###...#.....................
............................#.....................
.........................oo.#.....................
....................#########.....................
..................................................
##################################################


----- DROPPING SAND 3 -----

=== GRID ===
..........................+.......................
..................................................
..................................................
..................................................
........................#...##....................
........................#...#.....................
......................###...#.....................
............................#.....................
.........................ooo#.....................
....................#########.....................
..................................................
##################################################


----- DROPPING SAND 4 -----

=== GRID ===
..........................+.......................
..................................................
..................................................
..................................................
........................#...##....................
........................#...#.....................
......................###...#.....................
..........................o.#.....................
.........................ooo#.....................
....................#########.....................
..................................................
##################################################


----- DROPPING SAND 5 -----

=== GRID ===
..........................+.......................
..................................................
..................................................
..................................................
........................#...##....................
........................#...#.....................
......................###...#.....................
..........................o.#.....................
........................oooo#.....................
....................#########.....................
..................................................
##################################################


----- DROPPING SAND 6 -----

=== GRID ===
..........................+.......................
..................................................
..................................................
..................................................
........................#...##....................
........................#...#.....................
......................###...#.....................
.........................oo.#.....................
........................oooo#.....................
....................#########.....................
..................................................
##################################################


----- DROPPING SAND 7 -----

=== GRID ===
..........................+.......................
..................................................
..................................................
..................................................
........................#...##....................
........................#...#.....................
......................###...#.....................
.........................ooo#.....................
........................oooo#.....................
....................#########.....................
..................................................
##################################################


----- DROPPING SAND 8 -----

=== GRID ===
..........................+.......................
..................................................
..................................................
..................................................
........................#...##....................
........................#...#.....................
......................###.o.#.....................
.........................ooo#.....................
........................oooo#.....................
....................#########.....................
..................................................
##################################################


----- DROPPING SAND 9 -----

=== GRID ===
..........................+.......................
..................................................
..................................................
..................................................
........................#...##....................
........................#...#.....................
......................###.o.#.....................
.........................ooo#.....................
.......................ooooo#.....................
....................#########.....................
..................................................
##################################################


----- DROPPING SAND 10 -----

=== GRID ===
..........................+.......................
..................................................
..................................................
..................................................
........................#...##....................
........................#...#.....................
......................###.o.#.....................
........................oooo#.....................
.......................ooooo#.....................
....................#########.....................
..................................................
##################################################


----- DROPPING SAND 11 -----

=== GRID ===
..........................+.......................
..................................................
..................................................
..................................................
........................#...##....................
........................#...#.....................
......................###oo.#.....................
........................oooo#.....................
.......................ooooo#.....................
....................#########.....................
..................................................
##################################################


----- DROPPING SAND 12 -----

=== GRID ===
..........................+.......................
..................................................
..................................................
..................................................
........................#...##....................
........................#...#.....................
......................###ooo#.....................
........................oooo#.....................
.......................ooooo#.....................
....................#########.....................
..................................................
##################################################


----- DROPPING SAND 13 -----

=== GRID ===
..........................+.......................
..................................................
..................................................
..................................................
........................#...##....................
........................#.o.#.....................
......................###ooo#.....................
........................oooo#.....................
.......................ooooo#.....................
....................#########.....................
..................................................
##################################################


----- DROPPING SAND 14 -----

=== GRID ===
..........................+.......................
..................................................
..................................................
..................................................
........................#...##....................
........................#oo.#.....................
......................###ooo#.....................
........................oooo#.....................
.......................ooooo#.....................
....................#########.....................
..................................................
##################################################


----- DROPPING SAND 15 -----

=== GRID ===
..........................+.......................
..................................................
..................................................
..................................................
........................#...##....................
........................#ooo#.....................
......................###ooo#.....................
........................oooo#.....................
.......................ooooo#.....................
....................#########.....................
..................................................
##################################################


----- DROPPING SAND 16 -----

=== GRID ===
..........................+.......................
..................................................
..................................................
..................................................
........................#.o.##....................
........................#ooo#.....................
......................###ooo#.....................
........................oooo#.....................
.......................ooooo#.....................
....................#########.....................
..................................................
##################################################


----- DROPPING SAND 17 -----

=== GRID ===
..........................+.......................
..................................................
..................................................
..................................................
........................#oo.##....................
........................#ooo#.....................
......................###ooo#.....................
........................oooo#.....................
.......................ooooo#.....................
....................#########.....................
..................................................
##################################################


----- DROPPING SAND 18 -----

=== GRID ===
..........................+.......................
..................................................
..................................................
..................................................
........................#ooo##....................
........................#ooo#.....................
......................###ooo#.....................
........................oooo#.....................
.......................ooooo#.....................
....................#########.....................
..................................................
##################################################


----- DROPPING SAND 19 -----

=== GRID ===
..........................+.......................
..................................................
..................................................
..........................o.......................
........................#ooo##....................
........................#ooo#.....................
......................###ooo#.....................
........................oooo#.....................
.......................ooooo#.....................
....................#########.....................
..................................................
##################################################


----- DROPPING SAND 20 -----

=== GRID ===
..........................+.......................
..................................................
..................................................
.........................oo.......................
........................#ooo##....................
........................#ooo#.....................
......................###ooo#.....................
........................oooo#.....................
.......................ooooo#.....................
....................#########.....................
..................................................
##################################################


----- DROPPING SAND 21 -----

=== GRID ===
..........................+.......................
..................................................
..................................................
.........................ooo......................
........................#ooo##....................
........................#ooo#.....................
......................###ooo#.....................
........................oooo#.....................
.......................ooooo#.....................
....................#########.....................
..................................................
##################################################


----- DROPPING SAND 22 -----

=== GRID ===
..........................+.......................
..................................................
..........................o.......................
.........................ooo......................
........................#ooo##....................
........................#ooo#.....................
......................###ooo#.....................
........................oooo#.....................
.......................ooooo#.....................
....................#########.....................
..................................................
##################################################


----- DROPPING SAND 23 -----

=== GRID ===
..........................+.......................
..................................................
..........................o.......................
.........................ooo......................
........................#ooo##....................
.......................o#ooo#.....................
......................###ooo#.....................
........................oooo#.....................
.......................ooooo#.....................
....................#########.....................
..................................................
##################################################


----- DROPPING SAND 24 -----

=== GRID ===
..........................+.......................
..................................................
..........................o.......................
.........................ooo......................
........................#ooo##....................
.......................o#ooo#.....................
......................###ooo#.....................
........................oooo#.....................
.....................o.ooooo#.....................
....................#########.....................
..................................................
##################################################


----- DROPPING SAND 25 -----

=== GRID ===
..........................+.......................
..................................................
..........................o.......................
.........................ooo......................
........................#ooo##....................
.......................o#ooo#.....................
......................###ooo#.....................
........................oooo#.....................
.....................o.ooooo#.....................
....................#########.....................
...................o..............................
##################################################


----- DROPPING SAND 26 -----

=== GRID ===
..........................+.......................
..................................................
..........................o.......................
.........................ooo......................
........................#ooo##....................
.......................o#ooo#.....................
......................###ooo#.....................
........................oooo#.....................
.....................o.ooooo#.....................
....................#########.....................
..................oo..............................
##################################################


----- DROPPING SAND 27 -----

=== GRID ===
..........................+.......................
..................................................
..........................o.......................
.........................ooo......................
........................#ooo##....................
.......................o#ooo#.....................
......................###ooo#.....................
........................oooo#.....................
.....................o.ooooo#.....................
....................#########.....................
..................ooo.............................
##################################################


----- DROPPING SAND 28 -----

=== GRID ===
..........................+.......................
..................................................
..........................o.......................
.........................ooo......................
........................#ooo##....................
.......................o#ooo#.....................
......................###ooo#.....................
........................oooo#.....................
.....................o.ooooo#.....................
...................o#########.....................
..................ooo.............................
##################################################


----- DROPPING SAND 29 -----

=== GRID ===
..........................+.......................
..................................................
..........................o.......................
.........................ooo......................
........................#ooo##....................
.......................o#ooo#.....................
......................###ooo#.....................
........................oooo#.....................
....................oo.ooooo#.....................
...................o#########.....................
..................ooo.............................
##################################################


----- DROPPING SAND 30 -----

=== GRID ===
..........................+.......................
..................................................
..........................o.......................
.........................ooo......................
........................#ooo##....................
.......................o#ooo#.....................
......................###ooo#.....................
........................oooo#.....................
....................oooooooo#.....................
...................o#########.....................
..................ooo.............................
##################################################


----- DROPPING SAND 31 -----

=== GRID ===
..........................+.......................
..................................................
..........................o.......................
.........................ooo......................
........................#ooo##....................
.......................o#ooo#.....................
......................###ooo#.....................
.....................o..oooo#.....................
....................oooooooo#.....................
...................o#########.....................
..................ooo.............................
##################################################


----- DROPPING SAND 32 -----

=== GRID ===
..........................+.......................
..................................................
..........................o.......................
.........................ooo......................
........................#ooo##....................
.......................o#ooo#.....................
......................###ooo#.....................
.....................o..oooo#.....................
....................oooooooo#.....................
...................o#########.....................
.................oooo.............................
##################################################


----- DROPPING SAND 33 -----

=== GRID ===
..........................+.......................
..................................................
..........................o.......................
.........................ooo......................
........................#ooo##....................
.......................o#ooo#.....................
......................###ooo#.....................
.....................o..oooo#.....................
....................oooooooo#.....................
..................oo#########.....................
.................oooo.............................
##################################################


----- DROPPING SAND 34 -----

=== GRID ===
..........................+.......................
..................................................
..........................o.......................
.........................ooo......................
........................#ooo##....................
.......................o#ooo#.....................
......................###ooo#.....................
.....................o..oooo#.....................
...................ooooooooo#.....................
..................oo#########.....................
.................oooo.............................
##################################################


----- DROPPING SAND 35 -----

=== GRID ===
..........................+.......................
..................................................
..........................o.......................
.........................ooo......................
........................#ooo##....................
.......................o#ooo#.....................
......................###ooo#.....................
....................oo..oooo#.....................
...................ooooooooo#.....................
..................oo#########.....................
.................oooo.............................
##################################################


----- DROPPING SAND 36 -----

=== GRID ===
..........................+.......................
..................................................
..........................o.......................
.........................ooo......................
........................#ooo##....................
.......................o#ooo#.....................
......................###ooo#.....................
....................ooo.oooo#.....................
...................ooooooooo#.....................
..................oo#########.....................
.................oooo.............................
##################################################


----- DROPPING SAND 37 -----

=== GRID ===
..........................+.......................
..................................................
..........................o.......................
.........................ooo......................
........................#ooo##....................
.......................o#ooo#.....................
.....................o###ooo#.....................
....................ooo.oooo#.....................
...................ooooooooo#.....................
..................oo#########.....................
.................oooo.............................
##################################################


----- DROPPING SAND 38 -----

=== GRID ===
..........................+.......................
..................................................
..........................o.......................
.........................ooo......................
........................#ooo##....................
......................oo#ooo#.....................
.....................o###ooo#.....................
....................ooo.oooo#.....................
...................ooooooooo#.....................
..................oo#########.....................
.................oooo.............................
##################################################


----- DROPPING SAND 39 -----

=== GRID ===
..........................+.......................
..................................................
..........................o.......................
.........................ooo......................
.......................o#ooo##....................
......................oo#ooo#.....................
.....................o###ooo#.....................
....................ooo.oooo#.....................
...................ooooooooo#.....................
..................oo#########.....................
.................oooo.............................
##################################################


----- DROPPING SAND 40 -----

=== GRID ===
..........................+.......................
..................................................
..........................o.......................
........................oooo......................
.......................o#ooo##....................
......................oo#ooo#.....................
.....................o###ooo#.....................
....................ooo.oooo#.....................
...................ooooooooo#.....................
..................oo#########.....................
.................oooo.............................
##################################################


----- DROPPING SAND 41 -----

=== GRID ===
..........................+.......................
..................................................
.........................oo.......................
........................oooo......................
.......................o#ooo##....................
......................oo#ooo#.....................
.....................o###ooo#.....................
....................ooo.oooo#.....................
...................ooooooooo#.....................
..................oo#########.....................
.................oooo.............................
##################################################


----- DROPPING SAND 42 -----

=== GRID ===
..........................+.......................
..................................................
.........................oo.......................
........................ooooo.....................
.......................o#ooo##....................
......................oo#ooo#.....................
.....................o###ooo#.....................
....................ooo.oooo#.....................
...................ooooooooo#.....................
..................oo#########.....................
.................oooo.............................
##################################################


----- DROPPING SAND 43 -----

=== GRID ===
..........................+.......................
..................................................
.........................ooo......................
........................ooooo.....................
.......................o#ooo##....................
......................oo#ooo#.....................
.....................o###ooo#.....................
....................ooo.oooo#.....................
...................ooooooooo#.....................
..................oo#########.....................
.................oooo.............................
##################################################


----- DROPPING SAND 44 -----

=== GRID ===
..........................+.......................
..........................o.......................
.........................ooo......................
........................ooooo.....................
.......................o#ooo##....................
......................oo#ooo#.....................
.....................o###ooo#.....................
....................ooo.oooo#.....................
...................ooooooooo#.....................
..................oo#########.....................
.................oooo.............................
##################################################


----- DROPPING SAND 45 -----

=== GRID ===
..........................+.......................
..........................o.......................
.........................ooo......................
........................ooooo.....................
.......................o#ooo##....................
......................oo#ooo#.....................
.....................o###ooo#.....................
....................ooo.oooo#.....................
...................ooooooooo#.....................
..................oo#########.....................
................ooooo.............................
##################################################


----- DROPPING SAND 46 -----

=== GRID ===
..........................+.......................
..........................o.......................
.........................ooo......................
........................ooooo.....................
.......................o#ooo##....................
......................oo#ooo#.....................
.....................o###ooo#.....................
....................ooo.oooo#.....................
...................ooooooooo#.....................
.................ooo#########.....................
................ooooo.............................
##################################################


----- DROPPING SAND 47 -----

=== GRID ===
..........................+.......................
..........................o.......................
.........................ooo......................
........................ooooo.....................
.......................o#ooo##....................
......................oo#ooo#.....................
.....................o###ooo#.....................
....................ooo.oooo#.....................
..................oooooooooo#.....................
.................ooo#########.....................
................ooooo.............................
##################################################


----- DROPPING SAND 48 -----

=== GRID ===
..........................+.......................
..........................o.......................
.........................ooo......................
........................ooooo.....................
.......................o#ooo##....................
......................oo#ooo#.....................
.....................o###ooo#.....................
...................oooo.oooo#.....................
..................oooooooooo#.....................
.................ooo#########.....................
................ooooo.............................
##################################################


----- DROPPING SAND 49 -----

=== GRID ===
..........................+.......................
..........................o.......................
.........................ooo......................
........................ooooo.....................
.......................o#ooo##....................
......................oo#ooo#.....................
....................oo###ooo#.....................
...................oooo.oooo#.....................
..................oooooooooo#.....................
.................ooo#########.....................
................ooooo.............................
##################################################


----- DROPPING SAND 50 -----

=== GRID ===
..........................+.......................
..........................o.......................
.........................ooo......................
........................ooooo.....................
.......................o#ooo##....................
.....................ooo#ooo#.....................
....................oo###ooo#.....................
...................oooo.oooo#.....................
..................oooooooooo#.....................
.................ooo#########.....................
................ooooo.............................
##################################################


----- DROPPING SAND 51 -----

=== GRID ===
..........................+.......................
..........................o.......................
.........................ooo......................
........................ooooo.....................
......................oo#ooo##....................
.....................ooo#ooo#.....................
....................oo###ooo#.....................
...................oooo.oooo#.....................
..................oooooooooo#.....................
.................ooo#########.....................
................ooooo.............................
##################################################


----- DROPPING SAND 52 -----

=== GRID ===
..........................+.......................
..........................o.......................
.........................ooo......................
.......................oooooo.....................
......................oo#ooo##....................
.....................ooo#ooo#.....................
....................oo###ooo#.....................
...................oooo.oooo#.....................
..................oooooooooo#.....................
.................ooo#########.....................
................ooooo.............................
##################################################


----- DROPPING SAND 53 -----

=== GRID ===
..........................+.......................
..........................o.......................
........................oooo......................
.......................oooooo.....................
......................oo#ooo##....................
.....................ooo#ooo#.....................
....................oo###ooo#.....................
...................oooo.oooo#.....................
..................oooooooooo#.....................
.................ooo#########.....................
................ooooo.............................
##################################################


----- DROPPING SAND 54 -----

=== GRID ===
..........................+.......................
.........................oo.......................
........................oooo......................
.......................oooooo.....................
......................oo#ooo##....................
.....................ooo#ooo#.....................
....................oo###ooo#.....................
...................oooo.oooo#.....................
..................oooooooooo#.....................
.................ooo#########.....................
................ooooo.............................
##################################################


----- DROPPING SAND 55 -----

=== GRID ===
..........................+.......................
.........................oo.......................
........................oooo......................
.......................oooooo.....................
......................oo#ooo##....................
.....................ooo#ooo#.....................
....................oo###ooo#.....................
...................oooo.oooo#.....................
..................oooooooooo#.....................
.................ooo#########.....................
................ooooo.........o...................
##################################################


----- DROPPING SAND 56 -----

=== GRID ===
..........................+.......................
.........................oo.......................
........................oooo......................
.......................oooooo.....................
......................oo#ooo##....................
.....................ooo#ooo#.....................
....................oo###ooo#.....................
...................oooo.oooo#.....................
..................oooooooooo#.....................
.................ooo#########.....................
................ooooo........oo...................
##################################################


----- DROPPING SAND 57 -----

=== GRID ===
..........................+.......................
.........................oo.......................
........................oooo......................
.......................oooooo.....................
......................oo#ooo##....................
.....................ooo#ooo#.....................
....................oo###ooo#.....................
...................oooo.oooo#.....................
..................oooooooooo#.....................
.................ooo#########.....................
................ooooo........ooo..................
##################################################


----- DROPPING SAND 58 -----

=== GRID ===
..........................+.......................
.........................oo.......................
........................oooo......................
.......................oooooo.....................
......................oo#ooo##....................
.....................ooo#ooo#.....................
....................oo###ooo#.....................
...................oooo.oooo#.....................
..................oooooooooo#.....................
.................ooo#########.o...................
................ooooo........ooo..................
##################################################


----- DROPPING SAND 59 -----

=== GRID ===
..........................+.......................
.........................oo.......................
........................oooo......................
.......................oooooo.....................
......................oo#ooo##....................
.....................ooo#ooo#.....................
....................oo###ooo#.....................
...................oooo.oooo#.....................
..................oooooooooo#.....................
.................ooo#########.o...................
................ooooo.......oooo..................
##################################################


----- DROPPING SAND 60 -----

=== GRID ===
..........................+.......................
.........................oo.......................
........................oooo......................
.......................oooooo.....................
......................oo#ooo##....................
.....................ooo#ooo#.....................
....................oo###ooo#.....................
...................oooo.oooo#.....................
..................oooooooooo#.....................
.................ooo#########oo...................
................ooooo.......oooo..................
##################################################


----- DROPPING SAND 61 -----

=== GRID ===
..........................+.......................
.........................oo.......................
........................oooo......................
.......................oooooo.....................
......................oo#ooo##....................
.....................ooo#ooo#.....................
....................oo###ooo#.....................
...................oooo.oooo#.....................
..................oooooooooo#.....................
.................ooo#########oo...................
................ooooo.......ooooo.................
##################################################


----- DROPPING SAND 62 -----

=== GRID ===
..........................+.......................
.........................oo.......................
........................oooo......................
.......................oooooo.....................
......................oo#ooo##....................
.....................ooo#ooo#.....................
....................oo###ooo#.....................
...................oooo.oooo#.....................
..................oooooooooo#.....................
.................ooo#########ooo..................
................ooooo.......ooooo.................
##################################################


----- DROPPING SAND 63 -----

=== GRID ===
..........................+.......................
.........................oo.......................
........................oooo......................
.......................oooooo.....................
......................oo#ooo##....................
.....................ooo#ooo#.....................
....................oo###ooo#.....................
...................oooo.oooo#.....................
..................oooooooooo#.o...................
.................ooo#########ooo..................
................ooooo.......ooooo.................
##################################################


----- DROPPING SAND 64 -----

=== GRID ===
..........................+.......................
.........................oo.......................
........................oooo......................
.......................oooooo.....................
......................oo#ooo##....................
.....................ooo#ooo#.....................
....................oo###ooo#.....................
...................oooo.oooo#.....................
..................oooooooooo#oo...................
.................ooo#########ooo..................
................ooooo.......ooooo.................
##################################################


----- DROPPING SAND 65 -----

=== GRID ===
..........................+.......................
.........................oo.......................
........................oooo......................
.......................oooooo.....................
......................oo#ooo##....................
.....................ooo#ooo#.....................
....................oo###ooo#.....................
...................oooo.oooo#.....................
..................oooooooooo#oo...................
.................ooo#########ooo..................
................ooooo.......oooooo................
##################################################


----- DROPPING SAND 66 -----

=== GRID ===
..........................+.......................
.........................oo.......................
........................oooo......................
.......................oooooo.....................
......................oo#ooo##....................
.....................ooo#ooo#.....................
....................oo###ooo#.....................
...................oooo.oooo#.....................
..................oooooooooo#oo...................
.................ooo#########oooo.................
................ooooo.......oooooo................
##################################################


----- DROPPING SAND 67 -----

=== GRID ===
..........................+.......................
.........................oo.......................
........................oooo......................
.......................oooooo.....................
......................oo#ooo##....................
.....................ooo#ooo#.....................
....................oo###ooo#.....................
...................oooo.oooo#.....................
..................oooooooooo#ooo..................
.................ooo#########oooo.................
................ooooo.......oooooo................
##################################################


----- DROPPING SAND 68 -----

=== GRID ===
..........................+.......................
.........................oo.......................
........................oooo......................
.......................oooooo.....................
......................oo#ooo##....................
.....................ooo#ooo#.....................
....................oo###ooo#.....................
...................oooo.oooo#.o...................
..................oooooooooo#ooo..................
.................ooo#########oooo.................
................ooooo.......oooooo................
##################################################


----- DROPPING SAND 69 -----

=== GRID ===
..........................+.......................
.........................oo.......................
........................oooo......................
.......................oooooo.....................
......................oo#ooo##....................
.....................ooo#ooo#.....................
....................oo###ooo#.....................
...................oooo.oooo#oo...................
..................oooooooooo#ooo..................
.................ooo#########oooo.................
................ooooo.......oooooo................
##################################################


----- DROPPING SAND 70 -----

=== GRID ===
..........................+.......................
.........................oo.......................
........................oooo......................
.......................oooooo.....................
......................oo#ooo##....................
.....................ooo#ooo#.....................
....................oo###ooo#.....................
...................oooo.oooo#oo...................
..................oooooooooo#ooo..................
.................ooo#########oooo.................
................ooooo.......ooooooo...............
##################################################


----- DROPPING SAND 71 -----

=== GRID ===
..........................+.......................
.........................oo.......................
........................oooo......................
.......................oooooo.....................
......................oo#ooo##....................
.....................ooo#ooo#.....................
....................oo###ooo#.....................
...................oooo.oooo#oo...................
..................oooooooooo#ooo..................
.................ooo#########ooooo................
................ooooo.......ooooooo...............
##################################################


----- DROPPING SAND 72 -----

=== GRID ===
..........................+.......................
.........................oo.......................
........................oooo......................
.......................oooooo.....................
......................oo#ooo##....................
.....................ooo#ooo#.....................
....................oo###ooo#.....................
...................oooo.oooo#oo...................
..................oooooooooo#oooo.................
.................ooo#########ooooo................
................ooooo.......ooooooo...............
##################################################


----- DROPPING SAND 73 -----

=== GRID ===
..........................+.......................
.........................oo.......................
........................oooo......................
.......................oooooo.....................
......................oo#ooo##....................
.....................ooo#ooo#.....................
....................oo###ooo#.....................
...................oooo.oooo#ooo..................
..................oooooooooo#oooo.................
.................ooo#########ooooo................
................ooooo.......ooooooo...............
##################################################


----- DROPPING SAND 74 -----

=== GRID ===
..........................+.......................
.........................oo.......................
........................oooo......................
.......................oooooo.....................
......................oo#ooo##....................
.....................ooo#ooo#.....................
....................oo###ooo#.o...................
...................oooo.oooo#ooo..................
..................oooooooooo#oooo.................
.................ooo#########ooooo................
................ooooo.......ooooooo...............
##################################################


----- DROPPING SAND 75 -----

=== GRID ===
..........................+.......................
.........................oo.......................
........................oooo......................
.......................oooooo.....................
......................oo#ooo##....................
.....................ooo#ooo#.....................
....................oo###ooo#oo...................
...................oooo.oooo#ooo..................
..................oooooooooo#oooo.................
.................ooo#########ooooo................
................ooooo.......ooooooo...............
##################################################


----- DROPPING SAND 76 -----

=== GRID ===
..........................+.......................
.........................oo.......................
........................oooo......................
.......................oooooo.....................
......................oo#ooo##....................
.....................ooo#ooo#.....................
....................oo###ooo#oo...................
...................oooo.oooo#ooo..................
..................oooooooooo#oooo.................
.................ooo#########ooooo................
................ooooo.......oooooooo..............
##################################################


----- DROPPING SAND 77 -----

=== GRID ===
..........................+.......................
.........................oo.......................
........................oooo......................
.......................oooooo.....................
......................oo#ooo##....................
.....................ooo#ooo#.....................
....................oo###ooo#oo...................
...................oooo.oooo#ooo..................
..................oooooooooo#oooo.................
.................ooo#########oooooo...............
................ooooo.......oooooooo..............
##################################################


----- DROPPING SAND 78 -----

=== GRID ===
..........................+.......................
.........................oo.......................
........................oooo......................
.......................oooooo.....................
......................oo#ooo##....................
.....................ooo#ooo#.....................
....................oo###ooo#oo...................
...................oooo.oooo#ooo..................
..................oooooooooo#ooooo................
.................ooo#########oooooo...............
................ooooo.......oooooooo..............
##################################################


----- DROPPING SAND 79 -----

=== GRID ===
..........................+.......................
.........................oo.......................
........................oooo......................
.......................oooooo.....................
......................oo#ooo##....................
.....................ooo#ooo#.....................
....................oo###ooo#oo...................
...................oooo.oooo#oooo.................
..................oooooooooo#ooooo................
.................ooo#########oooooo...............
................ooooo.......oooooooo..............
##################################################


----- DROPPING SAND 80 -----

=== GRID ===
..........................+.......................
.........................oo.......................
........................oooo......................
.......................oooooo.....................
......................oo#ooo##....................
.....................ooo#ooo#.....................
....................oo###ooo#ooo..................
...................oooo.oooo#oooo.................
..................oooooooooo#ooooo................
.................ooo#########oooooo...............
................ooooo.......oooooooo..............
##################################################


----- DROPPING SAND 81 -----

=== GRID ===
..........................+.......................
.........................oo.......................
........................oooo......................
.......................oooooo.....................
......................oo#ooo##....................
.....................ooo#ooo#.o...................
....................oo###ooo#ooo..................
...................oooo.oooo#oooo.................
..................oooooooooo#ooooo................
.................ooo#########oooooo...............
................ooooo.......oooooooo..............
##################################################


----- DROPPING SAND 82 -----

=== GRID ===
..........................+.......................
.........................oo.......................
........................oooo......................
.......................oooooo.....................
......................oo#ooo##....................
.....................ooo#ooo#oo...................
....................oo###ooo#ooo..................
...................oooo.oooo#oooo.................
..................oooooooooo#ooooo................
.................ooo#########oooooo...............
................ooooo.......oooooooo..............
##################################################


----- DROPPING SAND 83 -----

=== GRID ===
..........................+.......................
.........................oo.......................
........................oooo......................
.......................oooooo.....................
......................oo#ooo##....................
.....................ooo#ooo#oo...................
....................oo###ooo#ooo..................
...................oooo.oooo#oooo.................
..................oooooooooo#ooooo................
.................ooo#########oooooo...............
................ooooo.......ooooooooo.............
##################################################


----- DROPPING SAND 84 -----

=== GRID ===
..........................+.......................
.........................oo.......................
........................oooo......................
.......................oooooo.....................
......................oo#ooo##....................
.....................ooo#ooo#oo...................
....................oo###ooo#ooo..................
...................oooo.oooo#oooo.................
..................oooooooooo#ooooo................
.................ooo#########ooooooo..............
................ooooo.......ooooooooo.............
##################################################


----- DROPPING SAND 85 -----

=== GRID ===
..........................+.......................
.........................oo.......................
........................oooo......................
.......................oooooo.....................
......................oo#ooo##....................
.....................ooo#ooo#oo...................
....................oo###ooo#ooo..................
...................oooo.oooo#oooo.................
..................oooooooooo#oooooo...............
.................ooo#########ooooooo..............
................ooooo.......ooooooooo.............
##################################################


----- DROPPING SAND 86 -----

=== GRID ===
..........................+.......................
.........................oo.......................
........................oooo......................
.......................oooooo.....................
......................oo#ooo##....................
.....................ooo#ooo#oo...................
....................oo###ooo#ooo..................
...................oooo.oooo#ooooo................
..................oooooooooo#oooooo...............
.................ooo#########ooooooo..............
................ooooo.......ooooooooo.............
##################################################


----- DROPPING SAND 87 -----

=== GRID ===
..........................+.......................
.........................oo.......................
........................oooo......................
.......................oooooo.....................
......................oo#ooo##....................
.....................ooo#ooo#oo...................
....................oo###ooo#oooo.................
...................oooo.oooo#ooooo................
..................oooooooooo#oooooo...............
.................ooo#########ooooooo..............
................ooooo.......ooooooooo.............
##################################################


----- DROPPING SAND 88 -----

=== GRID ===
..........................+.......................
.........................oo.......................
........................oooo......................
.......................oooooo.....................
......................oo#ooo##....................
.....................ooo#ooo#ooo..................
....................oo###ooo#oooo.................
...................oooo.oooo#ooooo................
..................oooooooooo#oooooo...............
.................ooo#########ooooooo..............
................ooooo.......ooooooooo.............
##################################################


----- DROPPING SAND 89 -----

=== GRID ===
..........................+.......................
.........................oo.......................
........................oooo......................
.......................oooooo.....................
......................oo#ooo##o...................
.....................ooo#ooo#ooo..................
....................oo###ooo#oooo.................
...................oooo.oooo#ooooo................
..................oooooooooo#oooooo...............
.................ooo#########ooooooo..............
................ooooo.......ooooooooo.............
##################################################


----- DROPPING SAND 90 -----

=== GRID ===
..........................+.......................
.........................oo.......................
........................oooo......................
.......................ooooooo....................
......................oo#ooo##o...................
.....................ooo#ooo#ooo..................
....................oo###ooo#oooo.................
...................oooo.oooo#ooooo................
..................oooooooooo#oooooo...............
.................ooo#########ooooooo..............
................ooooo.......ooooooooo.............
##################################################


----- DROPPING SAND 91 -----

=== GRID ===
..........................+.......................
.........................oo.......................
........................ooooo.....................
.......................ooooooo....................
......................oo#ooo##o...................
.....................ooo#ooo#ooo..................
....................oo###ooo#oooo.................
...................oooo.oooo#ooooo................
..................oooooooooo#oooooo...............
.................ooo#########ooooooo..............
................ooooo.......ooooooooo.............
##################################################


----- DROPPING SAND 92 -----

=== GRID ===
..........................+.......................
.........................ooo......................
........................ooooo.....................
.......................ooooooo....................
......................oo#ooo##o...................
.....................ooo#ooo#ooo..................
....................oo###ooo#oooo.................
...................oooo.oooo#ooooo................
..................oooooooooo#oooooo...............
.................ooo#########ooooooo..............
................ooooo.......ooooooooo.............
##################################################


----- DROPPING SAND 93 -----

=== GRID ===
..........................o.......................
.........................ooo......................
........................ooooo.....................
.......................ooooooo....................
......................oo#ooo##o...................
.....................ooo#ooo#ooo..................
....................oo###ooo#oooo.................
...................oooo.oooo#ooooo................
..................oooooooooo#oooooo...............
.................ooo#########ooooooo..............
................ooooo.......ooooooooo.............
##################################################


----- DROPPING SAND 94 -----

=== GRID ===
..........................o.......................
.........................ooo......................
........................ooooo.....................
.......................ooooooo....................
......................oo#ooo##o...................
.....................ooo#ooo#ooo..................
....................oo###ooo#oooo.................
...................oooo.oooo#ooooo................
..................oooooooooo#oooooo...............
.................ooo#########ooooooo..............
................ooooo.......ooooooooo.............
##################################################


----- DROPPING SAND 95 -----

=== GRID ===
..........................o.......................
.........................ooo......................
........................ooooo.....................
.......................ooooooo....................
......................oo#ooo##o...................
.....................ooo#ooo#ooo..................
....................oo###ooo#oooo.................
...................oooo.oooo#ooooo................
..................oooooooooo#oooooo...............
.................ooo#########ooooooo..............
................ooooo.......ooooooooo.............
##################################################


----- DROPPING SAND 96 -----

=== GRID ===
..........................o.......................
.........................ooo......................
........................ooooo.....................
.......................ooooooo....................
......................oo#ooo##o...................
.....................ooo#ooo#ooo..................
....................oo###ooo#oooo.................
...................oooo.oooo#ooooo................
..................oooooooooo#oooooo...............
.................ooo#########ooooooo..............
................ooooo.......ooooooooo.............
##################################################


----- DROPPING SAND 97 -----

=== GRID ===
..........................o.......................
.........................ooo......................
........................ooooo.....................
.......................ooooooo....................
......................oo#ooo##o...................
.....................ooo#ooo#ooo..................
....................oo###ooo#oooo.................
...................oooo.oooo#ooooo................
..................oooooooooo#oooooo...............
.................ooo#########ooooooo..............
................ooooo.......ooooooooo.............
##################################################


----- DROPPING SAND 98 -----

=== GRID ===
..........................o.......................
.........................ooo......................
........................ooooo.....................
.......................ooooooo....................
......................oo#ooo##o...................
.....................ooo#ooo#ooo..................
....................oo###ooo#oooo.................
...................oooo.oooo#ooooo................
..................oooooooooo#oooooo...............
.................ooo#########ooooooo..............
................ooooo.......ooooooooo.............
##################################################


----- DROPPING SAND 99 -----

=== GRID ===
..........................o.......................
.........................ooo......................
........................ooooo.....................
.......................ooooooo....................
......................oo#ooo##o...................
.....................ooo#ooo#ooo..................
....................oo###ooo#oooo.................
...................oooo.oooo#ooooo................
..................oooooooooo#oooooo...............
.................ooo#########ooooooo..............
................ooooo.......ooooooooo.............
##################################################


----- DROPPING SAND 100 -----

=== GRID ===
..........................o.......................
.........................ooo......................
........................ooooo.....................
.......................ooooooo....................
......................oo#ooo##o...................
.....................ooo#ooo#ooo..................
....................oo###ooo#oooo.................
...................oooo.oooo#ooooo................
..................oooooooooo#oooooo...............
.................ooo#########ooooooo..............
................ooooo.......ooooooooo.............
##################################################

99
